#
# A fatal error has been detected by the Java Runtime Environment:
#
#  Internal Error (./open/src/hotspot/share/asm/assembler.cpp:116), pid=4688, tid=6664
#  guarantee(L.loc() == locator()) failed: attempt to redefine label
#
# JRE version: OpenJDK Runtime Environment (15.0.1+9) (build 15.0.1+9-18)
# Java VM: OpenJDK 64-Bit Server VM (15.0.1+9-18, mixed mode, sharing, tiered, compressed oops, g1 gc, windows-amd64)
# No core dump will be written. Minidumps are not enabled by default on client versions of Windows
#
# If you would like to submit a bug report, please visit:
#   https://bugreport.java.com/bugreport/crash.jsp
#

---------------  S U M M A R Y ------------

Command Line: -Dmaven.multiModuleProjectDirectory=C:\Users\crazlee\Desktop\JavaProject\SSM-CURD -Dfile.encoding=utf-8 -Dmaven.home=C:\Users\crazlee\AppData\Local\JetBrains\Toolbox\apps\IDEA-U\ch-0\202.7660.26\plugins\maven\lib\maven3 -Dclassworlds.conf=C:\Users\crazlee\AppData\Local\JetBrains\Toolbox\apps\IDEA-U\ch-0\202.7660.26\plugins\maven\lib\maven3\bin\m2.conf -Dmaven.ext.class.path=C:\Users\crazlee\AppData\Local\JetBrains\Toolbox\apps\IDEA-U\ch-0\202.7660.26\plugins\maven\lib\maven-event-listener.jar org.codehaus.classworlds.Launcher -Didea.version=2020.2.3 -s F:\apache-maven-3.5.2-bin\apache-maven-3.5.2\conf\settings.xml -Dmaven.repo.local=F:\maven_repository install

Host: Intel(R) Core(TM) i5-7400 CPU @ 3.00GHz, 4 cores, 15G,  Windows 10 , 64 bit Build 18362 (10.0.18362.1350)
Time: Sun Mar 28 11:10:53 2021 ?D1¨²¡À¨º¡Á?¨º¡À?? elapsed time: 2.268464 seconds (0d 0h 0m 2s)

---------------  T H R E A D  ---------------

Current thread (0x0000015ed69cf9f0):  JavaThread "C1 CompilerThread0" daemon [_thread_in_native, id=6664, stack(0x0000000c73900000,0x0000000c73a00000)]


Current CompileTask:
C1:   2268 1064       3       org.codehaus.plexus.util.xml.pull.MXParser::nextImpl (1202 bytes)

Stack: [0x0000000c73900000,0x0000000c73a00000]
Native frames: (J=compiled Java code, j=interpreted, Vv=VM code, C=native code)
V  [jvm.dll+0x62ae9a]
V  [jvm.dll+0x781389]
V  [jvm.dll+0x782ae3]
V  [jvm.dll+0x7830f7]
V  [jvm.dll+0x2161cc]
V  [jvm.dll+0xa58e8]
V  [jvm.dll+0x12c457]
V  [jvm.dll+0x12c28e]
V  [jvm.dll+0x10fdaf]
V  [jvm.dll+0x10f8ca]
V  [jvm.dll+0x10fab4]
V  [jvm.dll+0x10edf2]
V  [jvm.dll+0x110c8c]
V  [jvm.dll+0x1f9165]
V  [jvm.dll+0x1f720c]
V  [jvm.dll+0x74485d]
V  [jvm.dll+0x73d65a]
V  [jvm.dll+0x629c56]
C  [ucrtbase.dll+0x210b2]
C  [KERNEL32.DLL+0x17c24]
C  [ntdll.dll+0x6d721]


---------------  P R O C E S S  ---------------

Threads class SMR info:
_java_thread_list=0x0000015ed73df990, length=12, elements={
0x0000015eb33b3bc0, 0x0000015ed61a6e80, 0x0000015ed61a7a50, 0x0000015ed61be300,
0x0000015ed69c40a0, 0x0000015ed69c5970, 0x0000015ed69c6660, 0x0000015ed69cf9f0,
0x0000015ed6a3f650, 0x0000015ed6a84030, 0x0000015ed6a8ac30, 0x0000015ed74696d0
}

Java Threads: ( => current thread )
  0x0000015eb33b3bc0 JavaThread "main" [_thread_in_Java, id=11764, stack(0x0000000c72b00000,0x0000000c72c00000)]
  0x0000015ed61a6e80 JavaThread "Reference Handler" daemon [_thread_blocked, id=9688, stack(0x0000000c73300000,0x0000000c73400000)]
  0x0000015ed61a7a50 JavaThread "Finalizer" daemon [_thread_blocked, id=11144, stack(0x0000000c73400000,0x0000000c73500000)]
  0x0000015ed61be300 JavaThread "Signal Dispatcher" daemon [_thread_blocked, id=7360, stack(0x0000000c73500000,0x0000000c73600000)]
  0x0000015ed69c40a0 JavaThread "Attach Listener" daemon [_thread_blocked, id=9904, stack(0x0000000c73600000,0x0000000c73700000)]
  0x0000015ed69c5970 JavaThread "Service Thread" daemon [_thread_blocked, id=5364, stack(0x0000000c73700000,0x0000000c73800000)]
  0x0000015ed69c6660 JavaThread "C2 CompilerThread0" daemon [_thread_blocked, id=5356, stack(0x0000000c73800000,0x0000000c73900000)]
=>0x0000015ed69cf9f0 JavaThread "C1 CompilerThread0" daemon [_thread_in_native, id=6664, stack(0x0000000c73900000,0x0000000c73a00000)]
  0x0000015ed6a3f650 JavaThread "Sweeper thread" daemon [_thread_blocked, id=12264, stack(0x0000000c73a00000,0x0000000c73b00000)]
  0x0000015ed6a84030 JavaThread "Notification Thread" daemon [_thread_blocked, id=8820, stack(0x0000000c73b00000,0x0000000c73c00000)]
  0x0000015ed6a8ac30 JavaThread "Common-Cleaner" daemon [_thread_blocked, id=13016, stack(0x0000000c73d00000,0x0000000c73e00000)]
  0x0000015ed74696d0 JavaThread "C2 CompilerThread1" daemon [_thread_blocked, id=10012, stack(0x0000000c74100000,0x0000000c74200000)]

Other Threads:
  0x0000015ed619f820 VMThread "VM Thread" [stack: 0x0000000c73200000,0x0000000c73300000] [id=652]
  0x0000015ed6a86510 WatcherThread [stack: 0x0000000c73c00000,0x0000000c73d00000] [id=7936]
  0x0000015eb3403fb0 GCTaskThread "GC Thread#0" [stack: 0x0000000c72d00000,0x0000000c72e00000] [id=12984]
  0x0000015ed6e11b00 GCTaskThread "GC Thread#1" [stack: 0x0000000c73e00000,0x0000000c73f00000] [id=2412]
  0x0000015ed6e0fe50 GCTaskThread "GC Thread#2" [stack: 0x0000000c73f00000,0x0000000c74000000] [id=11176]
  0x0000015ed6e10b10 GCTaskThread "GC Thread#3" [stack: 0x0000000c74000000,0x0000000c74100000] [id=11820]
  0x0000015eb3414ed0 ConcurrentGCThread "G1 Main Marker" [stack: 0x0000000c72e00000,0x0000000c72f00000] [id=7260]
  0x0000015eb3415ac0 ConcurrentGCThread "G1 Conc#0" [stack: 0x0000000c72f00000,0x0000000c73000000] [id=11168]
  0x0000015ed60224c0 ConcurrentGCThread "G1 Refine#0" [stack: 0x0000000c73000000,0x0000000c73100000] [id=1816]
  0x0000015ed60230c0 ConcurrentGCThread "G1 Young RemSet Sampling" [stack: 0x0000000c73100000,0x0000000c73200000] [id=11192]

Threads with active compile tasks:
C1 CompilerThread0     2400 1064       3       org.codehaus.plexus.util.xml.pull.MXParser::nextImpl (1202 bytes)

VM state: not at safepoint (normal execution)

VM Mutex/Monitor currently owned by a thread: None

Heap address: 0x0000000702400000, size: 4060 MB, Compressed Oops mode: Zero based, Oop shift amount: 3
CDS archive(s) mapped at: [0x0000000800000000-0x0000000800b50000-0x0000000800b50000), size 11862016, SharedBaseAddress: 0x0000000800000000, ArchiveRelocationMode: 0.
Compressed class space mapped at: 0x0000000800b50000-0x0000000840b50000, size: 1073741824
Narrow klass base: 0x0000000800000000, Narrow klass shift: 3, Narrow klass range: 0x100000000

GC Precious Log:
 CPUs: 4 total, 4 available
 Memory: 16237M
 Large Page Support: Disabled
 NUMA Support: Disabled
 Compressed Oops: Enabled (Zero based)
 Heap Region Size: 2M
 Heap Min Capacity: 8M
 Heap Initial Capacity: 254M
 Heap Max Capacity: 4060M
 Pre-touch: Disabled
 Parallel Workers: 4
 Concurrent Workers: 1
 Concurrent Refinement Workers: 4
 Periodic GC: Disabled

Heap:
 garbage-first heap   total 260096K, used 8132K [0x0000000702400000, 0x0000000800000000)
  region size 2048K, 4 young (8192K), 1 survivors (2048K)
 Metaspace       used 6126K, capacity 8181K, committed 8320K, reserved 1056768K
  class space    used 705K, capacity 895K, committed 896K, reserved 1048576K

Heap Regions: E=young(eden), S=young(survivor), O=old, HS=humongous(starts), HC=humongous(continues), CS=collection set, F=free, OA=open archive, CA=closed archive, TAMS=top-at-mark-start (previous, next)
|   0|0x0000000702400000, 0x0000000702600000, 0x0000000702600000|100%| O|  |TAMS 0x0000000702400000, 0x0000000702400000| Untracked 
|   1|0x0000000702600000, 0x0000000702759600, 0x0000000702800000| 67%| O|  |TAMS 0x0000000702600000, 0x0000000702600000| Untracked 
|   2|0x0000000702800000, 0x0000000702800000, 0x0000000702a00000|  0%| F|  |TAMS 0x0000000702800000, 0x0000000702800000| Untracked 
|   3|0x0000000702a00000, 0x0000000702a00000, 0x0000000702c00000|  0%| F|  |TAMS 0x0000000702a00000, 0x0000000702a00000| Untracked 
|   4|0x0000000702c00000, 0x0000000702c00000, 0x0000000702e00000|  0%| F|  |TAMS 0x0000000702c00000, 0x0000000702c00000| Untracked 
|   5|0x0000000702e00000, 0x0000000702e00000, 0x0000000703000000|  0%| F|  |TAMS 0x0000000702e00000, 0x0000000702e00000| Untracked 
|   6|0x0000000703000000, 0x0000000703000000, 0x0000000703200000|  0%| F|  |TAMS 0x0000000703000000, 0x0000000703000000| Untracked 
|   7|0x0000000703200000, 0x0000000703200000, 0x0000000703400000|  0%| F|  |TAMS 0x0000000703200000, 0x0000000703200000| Untracked 
|   8|0x0000000703400000, 0x0000000703400000, 0x0000000703600000|  0%| F|  |TAMS 0x0000000703400000, 0x0000000703400000| Untracked 
|   9|0x0000000703600000, 0x0000000703600000, 0x0000000703800000|  0%| F|  |TAMS 0x0000000703600000, 0x0000000703600000| Untracked 
|  10|0x0000000703800000, 0x0000000703800000, 0x0000000703a00000|  0%| F|  |TAMS 0x0000000703800000, 0x0000000703800000| Untracked 
|  11|0x0000000703a00000, 0x0000000703a00000, 0x0000000703c00000|  0%| F|  |TAMS 0x0000000703a00000, 0x0000000703a00000| Untracked 
|  12|0x0000000703c00000, 0x0000000703c00000, 0x0000000703e00000|  0%| F|  |TAMS 0x0000000703c00000, 0x0000000703c00000| Untracked 
|  13|0x0000000703e00000, 0x0000000703e00000, 0x0000000704000000|  0%| F|  |TAMS 0x0000000703e00000, 0x0000000703e00000| Untracked 
|  14|0x0000000704000000, 0x0000000704000000, 0x0000000704200000|  0%| F|  |TAMS 0x0000000704000000, 0x0000000704000000| Untracked 
|  15|0x0000000704200000, 0x0000000704200000, 0x0000000704400000|  0%| F|  |TAMS 0x0000000704200000, 0x0000000704200000| Untracked 
|  16|0x0000000704400000, 0x0000000704400000, 0x0000000704600000|  0%| F|  |TAMS 0x0000000704400000, 0x0000000704400000| Untracked 
|  17|0x0000000704600000, 0x0000000704600000, 0x0000000704800000|  0%| F|  |TAMS 0x0000000704600000, 0x0000000704600000| Untracked 
|  18|0x0000000704800000, 0x0000000704800000, 0x0000000704a00000|  0%| F|  |TAMS 0x0000000704800000, 0x0000000704800000| Untracked 
|  19|0x0000000704a00000, 0x0000000704a00000, 0x0000000704c00000|  0%| F|  |TAMS 0x0000000704a00000, 0x0000000704a00000| Untracked 
|  20|0x0000000704c00000, 0x0000000704c00000, 0x0000000704e00000|  0%| F|  |TAMS 0x0000000704c00000, 0x0000000704c00000| Untracked 
|  21|0x0000000704e00000, 0x0000000704e00000, 0x0000000705000000|  0%| F|  |TAMS 0x0000000704e00000, 0x0000000704e00000| Untracked 
|  22|0x0000000705000000, 0x0000000705000000, 0x0000000705200000|  0%| F|  |TAMS 0x0000000705000000, 0x0000000705000000| Untracked 
|  23|0x0000000705200000, 0x0000000705200000, 0x0000000705400000|  0%| F|  |TAMS 0x0000000705200000, 0x0000000705200000| Untracked 
|  24|0x0000000705400000, 0x0000000705400000, 0x0000000705600000|  0%| F|  |TAMS 0x0000000705400000, 0x0000000705400000| Untracked 
|  25|0x0000000705600000, 0x0000000705600000, 0x0000000705800000|  0%| F|  |TAMS 0x0000000705600000, 0x0000000705600000| Untracked 
|  26|0x0000000705800000, 0x0000000705800000, 0x0000000705a00000|  0%| F|  |TAMS 0x0000000705800000, 0x0000000705800000| Untracked 
|  27|0x0000000705a00000, 0x0000000705a00000, 0x0000000705c00000|  0%| F|  |TAMS 0x0000000705a00000, 0x0000000705a00000| Untracked 
|  28|0x0000000705c00000, 0x0000000705c00000, 0x0000000705e00000|  0%| F|  |TAMS 0x0000000705c00000, 0x0000000705c00000| Untracked 
|  29|0x0000000705e00000, 0x0000000705e00000, 0x0000000706000000|  0%| F|  |TAMS 0x0000000705e00000, 0x0000000705e00000| Untracked 
|  30|0x0000000706000000, 0x0000000706000000, 0x0000000706200000|  0%| F|  |TAMS 0x0000000706000000, 0x0000000706000000| Untracked 
|  31|0x0000000706200000, 0x0000000706200000, 0x0000000706400000|  0%| F|  |TAMS 0x0000000706200000, 0x0000000706200000| Untracked 
|  32|0x0000000706400000, 0x0000000706400000, 0x0000000706600000|  0%| F|  |TAMS 0x0000000706400000, 0x0000000706400000| Untracked 
|  33|0x0000000706600000, 0x0000000706600000, 0x0000000706800000|  0%| F|  |TAMS 0x0000000706600000, 0x0000000706600000| Untracked 
|  34|0x0000000706800000, 0x0000000706800000, 0x0000000706a00000|  0%| F|  |TAMS 0x0000000706800000, 0x0000000706800000| Untracked 
|  35|0x0000000706a00000, 0x0000000706a00000, 0x0000000706c00000|  0%| F|  |TAMS 0x0000000706a00000, 0x0000000706a00000| Untracked 
|  36|0x0000000706c00000, 0x0000000706c00000, 0x0000000706e00000|  0%| F|  |TAMS 0x0000000706c00000, 0x0000000706c00000| Untracked 
|  37|0x0000000706e00000, 0x0000000706e00000, 0x0000000707000000|  0%| F|  |TAMS 0x0000000706e00000, 0x0000000706e00000| Untracked 
|  38|0x0000000707000000, 0x0000000707000000, 0x0000000707200000|  0%| F|  |TAMS 0x0000000707000000, 0x0000000707000000| Untracked 
|  39|0x0000000707200000, 0x0000000707200000, 0x0000000707400000|  0%| F|  |TAMS 0x0000000707200000, 0x0000000707200000| Untracked 
|  40|0x0000000707400000, 0x0000000707400000, 0x0000000707600000|  0%| F|  |TAMS 0x0000000707400000, 0x0000000707400000| Untracked 
|  41|0x0000000707600000, 0x0000000707600000, 0x0000000707800000|  0%| F|  |TAMS 0x0000000707600000, 0x0000000707600000| Untracked 
|  42|0x0000000707800000, 0x0000000707800000, 0x0000000707a00000|  0%| F|  |TAMS 0x0000000707800000, 0x0000000707800000| Untracked 
|  43|0x0000000707a00000, 0x0000000707a00000, 0x0000000707c00000|  0%| F|  |TAMS 0x0000000707a00000, 0x0000000707a00000| Untracked 
|  44|0x0000000707c00000, 0x0000000707c00000, 0x0000000707e00000|  0%| F|  |TAMS 0x0000000707c00000, 0x0000000707c00000| Untracked 
|  45|0x0000000707e00000, 0x0000000707e00000, 0x0000000708000000|  0%| F|  |TAMS 0x0000000707e00000, 0x0000000707e00000| Untracked 
|  46|0x0000000708000000, 0x0000000708000000, 0x0000000708200000|  0%| F|  |TAMS 0x0000000708000000, 0x0000000708000000| Untracked 
|  47|0x0000000708200000, 0x0000000708200000, 0x0000000708400000|  0%| F|  |TAMS 0x0000000708200000, 0x0000000708200000| Untracked 
|  48|0x0000000708400000, 0x0000000708400000, 0x0000000708600000|  0%| F|  |TAMS 0x0000000708400000, 0x0000000708400000| Untracked 
|  49|0x0000000708600000, 0x0000000708600000, 0x0000000708800000|  0%| F|  |TAMS 0x0000000708600000, 0x0000000708600000| Untracked 
|  50|0x0000000708800000, 0x0000000708800000, 0x0000000708a00000|  0%| F|  |TAMS 0x0000000708800000, 0x0000000708800000| Untracked 
|  51|0x0000000708a00000, 0x0000000708a00000, 0x0000000708c00000|  0%| F|  |TAMS 0x0000000708a00000, 0x0000000708a00000| Untracked 
|  52|0x0000000708c00000, 0x0000000708c00000, 0x0000000708e00000|  0%| F|  |TAMS 0x0000000708c00000, 0x0000000708c00000| Untracked 
|  53|0x0000000708e00000, 0x0000000708e00000, 0x0000000709000000|  0%| F|  |TAMS 0x0000000708e00000, 0x0000000708e00000| Untracked 
|  54|0x0000000709000000, 0x0000000709000000, 0x0000000709200000|  0%| F|  |TAMS 0x0000000709000000, 0x0000000709000000| Untracked 
|  55|0x0000000709200000, 0x0000000709200000, 0x0000000709400000|  0%| F|  |TAMS 0x0000000709200000, 0x0000000709200000| Untracked 
|  56|0x0000000709400000, 0x0000000709400000, 0x0000000709600000|  0%| F|  |TAMS 0x0000000709400000, 0x0000000709400000| Untracked 
|  57|0x0000000709600000, 0x0000000709600000, 0x0000000709800000|  0%| F|  |TAMS 0x0000000709600000, 0x0000000709600000| Untracked 
|  58|0x0000000709800000, 0x0000000709800000, 0x0000000709a00000|  0%| F|  |TAMS 0x0000000709800000, 0x0000000709800000| Untracked 
|  59|0x0000000709a00000, 0x0000000709a00000, 0x0000000709c00000|  0%| F|  |TAMS 0x0000000709a00000, 0x0000000709a00000| Untracked 
|  60|0x0000000709c00000, 0x0000000709c00000, 0x0000000709e00000|  0%| F|  |TAMS 0x0000000709c00000, 0x0000000709c00000| Untracked 
|  61|0x0000000709e00000, 0x0000000709e00000, 0x000000070a000000|  0%| F|  |TAMS 0x0000000709e00000, 0x0000000709e00000| Untracked 
|  62|0x000000070a000000, 0x000000070a000000, 0x000000070a200000|  0%| F|  |TAMS 0x000000070a000000, 0x000000070a000000| Untracked 
|  63|0x000000070a200000, 0x000000070a200000, 0x000000070a400000|  0%| F|  |TAMS 0x000000070a200000, 0x000000070a200000| Untracked 
|  64|0x000000070a400000, 0x000000070a400000, 0x000000070a600000|  0%| F|  |TAMS 0x000000070a400000, 0x000000070a400000| Untracked 
|  65|0x000000070a600000, 0x000000070a600000, 0x000000070a800000|  0%| F|  |TAMS 0x000000070a600000, 0x000000070a600000| Untracked 
|  66|0x000000070a800000, 0x000000070a800000, 0x000000070aa00000|  0%| F|  |TAMS 0x000000070a800000, 0x000000070a800000| Untracked 
|  67|0x000000070aa00000, 0x000000070aa00000, 0x000000070ac00000|  0%| F|  |TAMS 0x000000070aa00000, 0x000000070aa00000| Untracked 
|  68|0x000000070ac00000, 0x000000070ac00000, 0x000000070ae00000|  0%| F|  |TAMS 0x000000070ac00000, 0x000000070ac00000| Untracked 
|  69|0x000000070ae00000, 0x000000070ae00000, 0x000000070b000000|  0%| F|  |TAMS 0x000000070ae00000, 0x000000070ae00000| Untracked 
|  70|0x000000070b000000, 0x000000070b000000, 0x000000070b200000|  0%| F|  |TAMS 0x000000070b000000, 0x000000070b000000| Untracked 
|  71|0x000000070b200000, 0x000000070b200000, 0x000000070b400000|  0%| F|  |TAMS 0x000000070b200000, 0x000000070b200000| Untracked 
|  72|0x000000070b400000, 0x000000070b400000, 0x000000070b600000|  0%| F|  |TAMS 0x000000070b400000, 0x000000070b400000| Untracked 
|  73|0x000000070b600000, 0x000000070b600000, 0x000000070b800000|  0%| F|  |TAMS 0x000000070b600000, 0x000000070b600000| Untracked 
|  74|0x000000070b800000, 0x000000070b800000, 0x000000070ba00000|  0%| F|  |TAMS 0x000000070b800000, 0x000000070b800000| Untracked 
|  75|0x000000070ba00000, 0x000000070ba00000, 0x000000070bc00000|  0%| F|  |TAMS 0x000000070ba00000, 0x000000070ba00000| Untracked 
|  76|0x000000070bc00000, 0x000000070bc00000, 0x000000070be00000|  0%| F|  |TAMS 0x000000070bc00000, 0x000000070bc00000| Untracked 
|  77|0x000000070be00000, 0x000000070be00000, 0x000000070c000000|  0%| F|  |TAMS 0x000000070be00000, 0x000000070be00000| Untracked 
|  78|0x000000070c000000, 0x000000070c000000, 0x000000070c200000|  0%| F|  |TAMS 0x000000070c000000, 0x000000070c000000| Untracked 
|  79|0x000000070c200000, 0x000000070c200000, 0x000000070c400000|  0%| F|  |TAMS 0x000000070c200000, 0x000000070c200000| Untracked 
|  80|0x000000070c400000, 0x000000070c400000, 0x000000070c600000|  0%| F|  |TAMS 0x000000070c400000, 0x000000070c400000| Untracked 
|  81|0x000000070c600000, 0x000000070c600000, 0x000000070c800000|  0%| F|  |TAMS 0x000000070c600000, 0x000000070c600000| Untracked 
|  82|0x000000070c800000, 0x000000070c800000, 0x000000070ca00000|  0%| F|  |TAMS 0x000000070c800000, 0x000000070c800000| Untracked 
|  83|0x000000070ca00000, 0x000000070ca00000, 0x000000070cc00000|  0%| F|  |TAMS 0x000000070ca00000, 0x000000070ca00000| Untracked 
|  84|0x000000070cc00000, 0x000000070cc00000, 0x000000070ce00000|  0%| F|  |TAMS 0x000000070cc00000, 0x000000070cc00000| Untracked 
|  85|0x000000070ce00000, 0x000000070ce00000, 0x000000070d000000|  0%| F|  |TAMS 0x000000070ce00000, 0x000000070ce00000| Untracked 
|  86|0x000000070d000000, 0x000000070d000000, 0x000000070d200000|  0%| F|  |TAMS 0x000000070d000000, 0x000000070d000000| Untracked 
|  87|0x000000070d200000, 0x000000070d200000, 0x000000070d400000|  0%| F|  |TAMS 0x000000070d200000, 0x000000070d200000| Untracked 
|  88|0x000000070d400000, 0x000000070d400000, 0x000000070d600000|  0%| F|  |TAMS 0x000000070d400000, 0x000000070d400000| Untracked 
|  89|0x000000070d600000, 0x000000070d600000, 0x000000070d800000|  0%| F|  |TAMS 0x000000070d600000, 0x000000070d600000| Untracked 
|  90|0x000000070d800000, 0x000000070d800000, 0x000000070da00000|  0%| F|  |TAMS 0x000000070d800000, 0x000000070d800000| Untracked 
|  91|0x000000070da00000, 0x000000070da00000, 0x000000070dc00000|  0%| F|  |TAMS 0x000000070da00000, 0x000000070da00000| Untracked 
|  92|0x000000070dc00000, 0x000000070dc00000, 0x000000070de00000|  0%| F|  |TAMS 0x000000070dc00000, 0x000000070dc00000| Untracked 
|  93|0x000000070de00000, 0x000000070de00000, 0x000000070e000000|  0%| F|  |TAMS 0x000000070de00000, 0x000000070de00000| Untracked 
|  94|0x000000070e000000, 0x000000070e000000, 0x000000070e200000|  0%| F|  |TAMS 0x000000070e000000, 0x000000070e000000| Untracked 
|  95|0x000000070e200000, 0x000000070e200000, 0x000000070e400000|  0%| F|  |TAMS 0x000000070e200000, 0x000000070e200000| Untracked 
|  96|0x000000070e400000, 0x000000070e400000, 0x000000070e600000|  0%| F|  |TAMS 0x000000070e400000, 0x000000070e400000| Untracked 
|  97|0x000000070e600000, 0x000000070e600000, 0x000000070e800000|  0%| F|  |TAMS 0x000000070e600000, 0x000000070e600000| Untracked 
|  98|0x000000070e800000, 0x000000070e800000, 0x000000070ea00000|  0%| F|  |TAMS 0x000000070e800000, 0x000000070e800000| Untracked 
|  99|0x000000070ea00000, 0x000000070ea00000, 0x000000070ec00000|  0%| F|  |TAMS 0x000000070ea00000, 0x000000070ea00000| Untracked 
| 100|0x000000070ec00000, 0x000000070ec00000, 0x000000070ee00000|  0%| F|  |TAMS 0x000000070ec00000, 0x000000070ec00000| Untracked 
| 101|0x000000070ee00000, 0x000000070ee00000, 0x000000070f000000|  0%| F|  |TAMS 0x000000070ee00000, 0x000000070ee00000| Untracked 
| 102|0x000000070f000000, 0x000000070f000000, 0x000000070f200000|  0%| F|  |TAMS 0x000000070f000000, 0x000000070f000000| Untracked 
| 103|0x000000070f200000, 0x000000070f200000, 0x000000070f400000|  0%| F|  |TAMS 0x000000070f200000, 0x000000070f200000| Untracked 
| 104|0x000000070f400000, 0x000000070f400000, 0x000000070f600000|  0%| F|  |TAMS 0x000000070f400000, 0x000000070f400000| Untracked 
| 105|0x000000070f600000, 0x000000070f600000, 0x000000070f800000|  0%| F|  |TAMS 0x000000070f600000, 0x000000070f600000| Untracked 
| 106|0x000000070f800000, 0x000000070f800000, 0x000000070fa00000|  0%| F|  |TAMS 0x000000070f800000, 0x000000070f800000| Untracked 
| 107|0x000000070fa00000, 0x000000070fa00000, 0x000000070fc00000|  0%| F|  |TAMS 0x000000070fa00000, 0x000000070fa00000| Untracked 
| 108|0x000000070fc00000, 0x000000070fc00000, 0x000000070fe00000|  0%| F|  |TAMS 0x000000070fc00000, 0x000000070fc00000| Untracked 
| 109|0x000000070fe00000, 0x000000070fe00000, 0x0000000710000000|  0%| F|  |TAMS 0x000000070fe00000, 0x000000070fe00000| Untracked 
| 110|0x0000000710000000, 0x0000000710000000, 0x0000000710200000|  0%| F|  |TAMS 0x0000000710000000, 0x0000000710000000| Untracked 
| 111|0x0000000710200000, 0x0000000710200000, 0x0000000710400000|  0%| F|  |TAMS 0x0000000710200000, 0x0000000710200000| Untracked 
| 112|0x0000000710400000, 0x0000000710400000, 0x0000000710600000|  0%| F|  |TAMS 0x0000000710400000, 0x0000000710400000| Untracked 
| 113|0x0000000710600000, 0x0000000710600000, 0x0000000710800000|  0%| F|  |TAMS 0x0000000710600000, 0x0000000710600000| Untracked 
| 114|0x0000000710800000, 0x0000000710800000, 0x0000000710a00000|  0%| F|  |TAMS 0x0000000710800000, 0x0000000710800000| Untracked 
| 115|0x0000000710a00000, 0x0000000710a00000, 0x0000000710c00000|  0%| F|  |TAMS 0x0000000710a00000, 0x0000000710a00000| Untracked 
| 116|0x0000000710c00000, 0x0000000710c00000, 0x0000000710e00000|  0%| F|  |TAMS 0x0000000710c00000, 0x0000000710c00000| Untracked 
| 117|0x0000000710e00000, 0x0000000710e00000, 0x0000000711000000|  0%| F|  |TAMS 0x0000000710e00000, 0x0000000710e00000| Untracked 
| 118|0x0000000711000000, 0x0000000711000000, 0x0000000711200000|  0%| F|  |TAMS 0x0000000711000000, 0x0000000711000000| Untracked 
| 119|0x0000000711200000, 0x0000000711200000, 0x0000000711400000|  0%| F|  |TAMS 0x0000000711200000, 0x0000000711200000| Untracked 
| 120|0x0000000711400000, 0x0000000711400000, 0x0000000711600000|  0%| F|  |TAMS 0x0000000711400000, 0x0000000711400000| Untracked 
| 121|0x0000000711600000, 0x0000000711697b58, 0x0000000711800000| 29%| S|CS|TAMS 0x0000000711600000, 0x0000000711600000| Complete 
| 122|0x0000000711800000, 0x0000000711800000, 0x0000000711a00000|  0%| F|  |TAMS 0x0000000711800000, 0x0000000711800000| Untracked 
| 123|0x0000000711a00000, 0x0000000711a00000, 0x0000000711c00000|  0%| F|  |TAMS 0x0000000711a00000, 0x0000000711a00000| Untracked 
| 124|0x0000000711c00000, 0x0000000711e00000, 0x0000000711e00000|100%| E|  |TAMS 0x0000000711c00000, 0x0000000711c00000| Complete 
| 125|0x0000000711e00000, 0x0000000712000000, 0x0000000712000000|100%| E|CS|TAMS 0x0000000711e00000, 0x0000000711e00000| Complete 
| 126|0x0000000712000000, 0x0000000712200000, 0x0000000712200000|100%| E|CS|TAMS 0x0000000712000000, 0x0000000712000000| Complete 

Card table byte_map: [0x0000015ecadc0000,0x0000015ecb5b0000] _byte_map_base: 0x0000015ec75ae000

Marking Bits (Prev, Next): (CMBitMap*) 0x0000015eb34047a0, (CMBitMap*) 0x0000015eb34047e0
 Prev Bits: [0x0000015ecbda0000, 0x0000015ecfd10000)
 Next Bits: [0x0000015ecfd10000, 0x0000015ed3c80000)

Polling page: 0x0000015eb11d0000

Metaspace:

Usage:
  Non-class:      7.12 MB capacity,     5.29 MB ( 74%) used,     1.82 MB ( 26%) free+waste,     5.00 KB ( <1%) overhead. 
      Class:    895.00 KB capacity,   705.60 KB ( 79%) used,   187.09 KB ( 21%) free+waste,     2.31 KB ( <1%) overhead. 
       Both:      7.99 MB capacity,     5.98 MB ( 75%) used,     2.00 MB ( 25%) free+waste,     7.31 KB ( <1%) overhead. 

Virtual space:
  Non-class space:        8.00 MB reserved,       7.25 MB ( 91%) committed 
      Class space:        1.00 GB reserved,     896.00 KB ( <1%) committed 
             Both:        1.01 GB reserved,       8.13 MB ( <1%) committed 

Chunk freelists:
   Non-Class:  10.00 KB
       Class:  1.00 KB
        Both:  11.00 KB

MaxMetaspaceSize: 17179869184.00 GB
CompressedClassSpaceSize: 1.00 GB

CodeHeap 'non-profiled nmethods': size=120000Kb used=444Kb max_used=444Kb free=119555Kb
 bounds [0x0000015ec30a0000, 0x0000015ec3310000, 0x0000015eca5d0000]
CodeHeap 'profiled nmethods': size=120000Kb used=2100Kb max_used=2100Kb free=117899Kb
 bounds [0x0000015ebbb70000, 0x0000015ebbde0000, 0x0000015ec30a0000]
CodeHeap 'non-nmethods': size=5760Kb used=1169Kb max_used=1205Kb free=4590Kb
 bounds [0x0000015ebb5d0000, 0x0000015ebb840000, 0x0000015ebbb70000]
 total_blobs=1502 nmethods=1076 adapters=339
 compilation: enabled
              stopped_count=0, restarted_count=0
 full_count=0

Compilation events (20 events):
Event: 2.100 Thread 0x0000015ed74696d0 1024       4       java.nio.Buffer::limit (65 bytes)
Event: 2.101 Thread 0x0000015ed74696d0 nmethod 1024 0x0000015ec3102890 code [0x0000015ec3102a20, 0x0000015ec3102b18]
Event: 2.101 Thread 0x0000015ed74696d0 1043       4       java.nio.CharBuffer::limit (6 bytes)
Event: 2.102 Thread 0x0000015ed74696d0 nmethod 1043 0x0000015ec3102c10 code [0x0000015ec3102da0, 0x0000015ec3102e98]
Event: 2.102 Thread 0x0000015ed74696d0 1044       4       java.nio.HeapCharBuffer::<init> (23 bytes)
Event: 2.105 Thread 0x0000015ed69cf9f0 1058       3       org.eclipse.sisu.space.URLClassSpace::deferLoadClass (10 bytes)
Event: 2.106 Thread 0x0000015ed69cf9f0 nmethod 1058 0x0000015ebbd76110 code [0x0000015ebbd762c0, 0x0000015ebbd765f8]
Event: 2.107 Thread 0x0000015ed74696d0 nmethod 1044 0x0000015ec3103010 code [0x0000015ec31031a0, 0x0000015ec3103578]
Event: 2.107 Thread 0x0000015ed74696d0 1052       4       java.nio.DirectLongBufferU::ix (10 bytes)
Event: 2.107 Thread 0x0000015ed74696d0 nmethod 1052 0x0000015ec3103810 code [0x0000015ec3103980, 0x0000015ec31039f8]
Event: 2.114 Thread 0x0000015ed74696d0 1059       4       java.util.zip.ZipFile::ensureOpen (40 bytes)
Event: 2.114 Thread 0x0000015ed69c6660 nmethod 1053 0x0000015ec3103b10 code [0x0000015ec3103d60, 0x0000015ec3104948]
Event: 2.115 Thread 0x0000015ed74696d0 nmethod 1059 0x0000015ec3105310 code [0x0000015ec3105480, 0x0000015ec3105538]
Event: 2.118 Thread 0x0000015ed74696d0 1060 % !   4       java.util.concurrent.ConcurrentHashMap::transfer @ 96 (849 bytes)
Event: 2.133 Thread 0x0000015ed69c6660 1061       4       org.codehaus.plexus.util.xml.pull.MXParser::parseEndTag (434 bytes)
Event: 2.146 Thread 0x0000015ed69cf9f0 1062       3       org.codehaus.plexus.util.InterpolationFilterReader::read (477 bytes)
Event: 2.152 Thread 0x0000015ed69cf9f0 nmethod 1062 0x0000015ebbd76710 code [0x0000015ebbd76e80, 0x0000015ebbd7b7c8]
Event: 2.152 Thread 0x0000015ed69cf9f0 1064       3       org.codehaus.plexus.util.xml.pull.MXParser::nextImpl (1202 bytes)
Event: 2.154 Thread 0x0000015ed69c6660 nmethod 1061 0x0000015ec3105610 code [0x0000015ec3105800, 0x0000015ec31062e8]
Event: 2.156 Thread 0x0000015ed74696d0 nmethod 1060% 0x0000015ec3106a10 code [0x0000015ec3106be0, 0x0000015ec3108088]

GC Heap History (4 events):
Event: 1.561 GC heap before
{Heap before GC invocations=0 (full 0):
 garbage-first heap   total 260096K, used 12288K [0x0000000702400000, 0x0000000800000000)
  region size 2048K, 6 young (12288K), 0 survivors (0K)
 Metaspace       used 3758K, capacity 6376K, committed 6528K, reserved 1056768K
  class space    used 375K, capacity 636K, committed 640K, reserved 1048576K
}
Event: 1.575 GC heap after
{Heap after GC invocations=1 (full 0):
 garbage-first heap   total 260096K, used 3390K [0x0000000702400000, 0x0000000800000000)
  region size 2048K, 1 young (2048K), 1 survivors (2048K)
 Metaspace       used 3758K, capacity 6376K, committed 6528K, reserved 1056768K
  class space    used 375K, capacity 636K, committed 640K, reserved 1048576K
}
Event: 2.011 GC heap before
{Heap before GC invocations=1 (full 0):
 garbage-first heap   total 260096K, used 13630K [0x0000000702400000, 0x0000000800000000)
  region size 2048K, 6 young (12288K), 1 survivors (2048K)
 Metaspace       used 5603K, capacity 7723K, committed 7808K, reserved 1056768K
  class space    used 636K, capacity 829K, committed 896K, reserved 1048576K
}
Event: 2.014 GC heap after
{Heap after GC invocations=2 (full 0):
 garbage-first heap   total 260096K, used 4036K [0x0000000702400000, 0x0000000800000000)
  region size 2048K, 1 young (2048K), 1 survivors (2048K)
 Metaspace       used 5603K, capacity 7723K, committed 7808K, reserved 1056768K
  class space    used 636K, capacity 829K, committed 896K, reserved 1048576K
}

Deoptimization events (20 events):
Event: 2.107 Thread 0x0000015eb33b3bc0 DEOPT PACKING pc=0x0000015ebbd75f12 sp=0x0000000c72bfda60
Event: 2.107 Thread 0x0000015eb33b3bc0 DEOPT UNPACKING pc=0x0000015ebb61e23f sp=0x0000000c72bfcf18 mode 0
Event: 2.141 Thread 0x0000015eb33b3bc0 Uncommon trap: trap_request=0xffffff45 fr.pc=0x0000015ec3104794 relative=0x0000000000000a34
Event: 2.141 Thread 0x0000015eb33b3bc0 Uncommon trap: reason=unstable_if action=reinterpret pc=0x0000015ec3104794 method=org.codehaus.plexus.util.xml.pull.MXParser.nextImpl()I @ 241 c2
Event: 2.142 Thread 0x0000015eb33b3bc0 DEOPT PACKING pc=0x0000015ec3104794 sp=0x0000000c72bfdd90
Event: 2.142 Thread 0x0000015eb33b3bc0 DEOPT UNPACKING pc=0x0000015ebb61e42f sp=0x0000000c72bfdd08 mode 2
Event: 2.142 Thread 0x0000015eb33b3bc0 DEOPT PACKING pc=0x0000015ebbd75f12 sp=0x0000000c72bfdb60
Event: 2.143 Thread 0x0000015eb33b3bc0 DEOPT UNPACKING pc=0x0000015ebb61e23f sp=0x0000000c72bfd018 mode 0
Event: 2.143 Thread 0x0000015eb33b3bc0 Uncommon trap: trap_request=0xffffff45 fr.pc=0x0000015ec30f9714 relative=0x0000000000000b34
Event: 2.143 Thread 0x0000015eb33b3bc0 Uncommon trap: reason=unstable_if action=reinterpret pc=0x0000015ec30f9714 method=sun.nio.cs.StreamDecoder.read0()I @ 39 c2
Event: 2.143 Thread 0x0000015eb33b3bc0 DEOPT PACKING pc=0x0000015ec30f9714 sp=0x0000000c72bfda40
Event: 2.143 Thread 0x0000015eb33b3bc0 DEOPT UNPACKING pc=0x0000015ebb61e42f sp=0x0000000c72bfd7e0 mode 2
Event: 2.143 Thread 0x0000015eb33b3bc0 Uncommon trap: trap_request=0xffffff45 fr.pc=0x0000015ec30f5a7c relative=0x000000000000271c
Event: 2.143 Thread 0x0000015eb33b3bc0 Uncommon trap: reason=unstable_if action=reinterpret pc=0x0000015ec30f5a7c method=sun.nio.cs.StreamDecoder.implRead([CII)I @ 197 c2
Event: 2.143 Thread 0x0000015eb33b3bc0 DEOPT PACKING pc=0x0000015ec30f5a7c sp=0x0000000c72bfd970
Event: 2.143 Thread 0x0000015eb33b3bc0 DEOPT UNPACKING pc=0x0000015ebb61e42f sp=0x0000000c72bfd7a8 mode 2
Event: 2.146 Thread 0x0000015eb33b3bc0 Uncommon trap: trap_request=0xffffff45 fr.pc=0x0000015ec30feafc relative=0x000000000000035c
Event: 2.146 Thread 0x0000015eb33b3bc0 Uncommon trap: reason=unstable_if action=reinterpret pc=0x0000015ec30feafc method=sun.nio.cs.StreamDecoder.read0()I @ 39 c2
Event: 2.146 Thread 0x0000015eb33b3bc0 DEOPT PACKING pc=0x0000015ec30feafc sp=0x0000000c72bfd950
Event: 2.146 Thread 0x0000015eb33b3bc0 DEOPT UNPACKING pc=0x0000015ebb61e42f sp=0x0000000c72bfd900 mode 2

Classes unloaded (0 events):
No events

Classes redefined (0 events):
No events

Internal exceptions (7 events):
Event: 0.682 Thread 0x0000015eb33b3bc0 Exception <a 'java/lang/NoSuchMethodError'{0x0000000711c111f8}: 'void java.lang.invoke.DirectMethodHandle$Holder.invokeStatic(java.lang.Object, java.lang.Object)'> (0x0000000711c111f8) 
thrown [./open/src/hotspot/share/interpreter/linkResolver.cpp, line 782]
Event: 0.683 Thread 0x0000015eb33b3bc0 Exception <a 'java/lang/NoSuchMethodError'{0x0000000711c14fb8}: 'void java.lang.invoke.DirectMethodHandle$Holder.invokeStaticInit(java.lang.Object, java.lang.Object)'> (0x0000000711c14fb8) 
thrown [./open/src/hotspot/share/interpreter/linkResolver.cpp, line 782]
Event: 0.703 Thread 0x0000015eb33b3bc0 Exception <a 'java/lang/NoSuchMethodError'{0x0000000711c3bd78}: 'java.lang.Object java.lang.invoke.DirectMethodHandle$Holder.invokeStatic(java.lang.Object)'> (0x0000000711c3bd78) 
thrown [./open/src/hotspot/share/interpreter/linkResolver.cpp, line 782]
Event: 0.707 Thread 0x0000015eb33b3bc0 Exception <a 'java/lang/NoSuchMethodError'{0x0000000711c46338}: 'java.lang.Object java.lang.invoke.DirectMethodHandle$Holder.invokeStaticInit(java.lang.Object, int, int, int, int)'> (0x0000000711c46338) 
thrown [./open/src/hotspot/share/interpreter/linkResolver.cpp, line 782]
Event: 0.790 Thread 0x0000015eb33b3bc0 Exception <a 'java/lang/NoSuchMethodError'{0x0000000711cbe6b0}: 'java.lang.Object java.lang.invoke.DirectMethodHandle$Holder.invokeStaticInit(java.lang.Object, java.lang.Object, int, int, int, int)'> (0x0000000711cbe6b0) 
thrown [./open/src/hotspot/share/interpreter/linkResolver.cpp, line 782]
Event: 1.440 Thread 0x0000015eb33b3bc0 Exception <a 'java/lang/NoSuchMethodError'{0x00000007116c0ca8}: 'void java.lang.invoke.DirectMethodHandle$Holder.invokeSpecial(java.lang.Object, java.lang.Object, java.lang.Object)'> (0x00000007116c0ca8) 
thrown [./open/src/hotspot/share/interpreter/linkResolver.cpp, line 782]
Event: 1.801 Thread 0x0000015eb33b3bc0 Exception <a 'java/lang/NoSuchMethodError'{0x0000000711c247a0}: 'java.lang.Object java.lang.invoke.DirectMethodHandle$Holder.newInvokeSpecial(java.lang.Object, java.lang.Object, java.lang.Object, java.lang.Object, java.lang.Object)'> (0x0000000711c247a0) 
thrown [./open/src/hotspot/share/interpreter/linkResolver.cpp, line 782]

Events (20 events):
Event: 1.854 loading class java/lang/reflect/TypeVariable done
Event: 1.854 loading class java/lang/reflect/WildcardType
Event: 1.854 loading class java/lang/reflect/WildcardType done
Event: 1.858 loading class sun/reflect/generics/tree/TypeVariableSignature
Event: 1.858 loading class sun/reflect/generics/tree/TypeVariableSignature done
Event: 1.873 loading class java/lang/annotation/IncompleteAnnotationException
Event: 1.873 loading class java/lang/annotation/IncompleteAnnotationException done
Event: 1.973 Thread 0x0000015ed74696d0 Thread added: 0x0000015ed74696d0
Event: 1.980 loading class jdk/internal/access/foreign/MemorySegmentProxy
Event: 1.980 loading class jdk/internal/access/foreign/MemorySegmentProxy done
Event: 2.011 Executing VM operation: G1CollectForAllocation
Event: 2.014 Executing VM operation: G1CollectForAllocation done
Event: 2.014 Executing VM operation: HandshakeAllThreads
Event: 2.014 Executing VM operation: HandshakeAllThreads done
Event: 2.156 loading class sun/reflect/generics/reflectiveObjects/TypeVariableImpl
Event: 2.156 loading class sun/reflect/generics/reflectiveObjects/LazyReflectiveObjectGenerator
Event: 2.157 loading class sun/reflect/generics/reflectiveObjects/LazyReflectiveObjectGenerator done
Event: 2.157 loading class sun/reflect/generics/reflectiveObjects/TypeVariableImpl done
Event: 2.157 loading class sun/reflect/generics/reflectiveObjects/ParameterizedTypeImpl
Event: 2.157 loading class sun/reflect/generics/reflectiveObjects/ParameterizedTypeImpl done


Dynamic libraries:
0x00007ff6ea060000 - 0x00007ff6ea06d000 	C:\Users\crazlee\.jdks\openjdk-15.0.1-1\bin\java.exe
0x00007ffca2200000 - 0x00007ffca23f0000 	C:\WINDOWS\SYSTEM32\ntdll.dll
0x00007ffca1b50000 - 0x00007ffca1c02000 	C:\WINDOWS\System32\KERNEL32.DLL
0x00007ffc9f170000 - 0x00007ffc9f415000 	C:\WINDOWS\System32\KERNELBASE.dll
0x00007ffc9f8b0000 - 0x00007ffc9f9aa000 	C:\WINDOWS\System32\ucrtbase.dll
0x00007ffc83630000 - 0x00007ffc83648000 	C:\Users\crazlee\.jdks\openjdk-15.0.1-1\bin\jli.dll
0x00007ffca0b70000 - 0x00007ffca0d04000 	C:\WINDOWS\System32\USER32.dll
0x00007ffc9f420000 - 0x00007ffc9f441000 	C:\WINDOWS\System32\win32u.dll
0x00007ffca1e20000 - 0x00007ffca1e46000 	C:\WINDOWS\System32\GDI32.dll
0x00007ffc9f450000 - 0x00007ffc9f5e8000 	C:\WINDOWS\System32\gdi32full.dll
0x00007ffc9f9b0000 - 0x00007ffc9fa4e000 	C:\WINDOWS\System32\msvcp_win.dll
0x00007ffc7f660000 - 0x00007ffc7f679000 	C:\Users\crazlee\.jdks\openjdk-15.0.1-1\bin\VCRUNTIME140.dll
0x00007ffc9da40000 - 0x00007ffc9dcc4000 	C:\WINDOWS\WinSxS\amd64_microsoft.windows.common-controls_6595b64144ccf1df_6.0.18362.1440_none_9e7dbfb9e45e8e67\COMCTL32.dll
0x00007ffca0380000 - 0x00007ffca041e000 	C:\WINDOWS\System32\msvcrt.dll
0x00007ffca1e50000 - 0x00007ffca2186000 	C:\WINDOWS\System32\combase.dll
0x00007ffca0420000 - 0x00007ffca053f000 	C:\WINDOWS\System32\RPCRT4.dll
0x00007ffc9f7a0000 - 0x00007ffc9f821000 	C:\WINDOWS\System32\bcryptPrimitives.dll
0x00007ffca2190000 - 0x00007ffca21be000 	C:\WINDOWS\System32\IMM32.DLL
0x00007ffc8e2e0000 - 0x00007ffc8e2ec000 	C:\Users\crazlee\.jdks\openjdk-15.0.1-1\bin\vcruntime140_1.dll
0x00007ffc6d360000 - 0x00007ffc6d3f1000 	C:\Users\crazlee\.jdks\openjdk-15.0.1-1\bin\msvcp140.dll
0x00007ffc46d40000 - 0x00007ffc4789e000 	C:\Users\crazlee\.jdks\openjdk-15.0.1-1\bin\server\jvm.dll
0x00007ffca1090000 - 0x00007ffca1133000 	C:\WINDOWS\System32\ADVAPI32.dll
0x00007ffca0f00000 - 0x00007ffca0f97000 	C:\WINDOWS\System32\sechost.dll
0x00007ffca0560000 - 0x00007ffca0568000 	C:\WINDOWS\System32\PSAPI.DLL
0x00007ffc79410000 - 0x00007ffc79419000 	C:\WINDOWS\SYSTEM32\WSOCK32.dll
0x00007ffca0fa0000 - 0x00007ffca100f000 	C:\WINDOWS\System32\WS2_32.dll
0x00007ffc9c350000 - 0x00007ffc9c374000 	C:\WINDOWS\SYSTEM32\WINMM.dll
0x00007ffc9eb60000 - 0x00007ffc9eb6a000 	C:\WINDOWS\SYSTEM32\VERSION.dll
0x00007ffc9c2f0000 - 0x00007ffc9c31d000 	C:\WINDOWS\SYSTEM32\WINMMBASE.dll
0x00007ffc9f750000 - 0x00007ffc9f79a000 	C:\WINDOWS\System32\cfgmgr32.dll
0x00007ffc9f150000 - 0x00007ffc9f161000 	C:\WINDOWS\System32\kernel.appcore.dll
0x00007ffc85520000 - 0x00007ffc8552a000 	C:\Users\crazlee\.jdks\openjdk-15.0.1-1\bin\jimage.dll
0x00007ffc9e800000 - 0x00007ffc9e9f4000 	C:\WINDOWS\SYSTEM32\DBGHELP.DLL
0x00007ffc9e750000 - 0x00007ffc9e77a000 	C:\WINDOWS\SYSTEM32\dbgcore.DLL
0x00007ffc72db0000 - 0x00007ffc72dd5000 	C:\Users\crazlee\.jdks\openjdk-15.0.1-1\bin\java.dll
0x00007ffca1140000 - 0x00007ffca1828000 	C:\WINDOWS\System32\SHELL32.dll
0x00007ffca0e50000 - 0x00007ffca0ef7000 	C:\WINDOWS\System32\shcore.dll
0x00007ffc9fa50000 - 0x00007ffca01cb000 	C:\WINDOWS\System32\windows.storage.dll
0x00007ffc9f0c0000 - 0x00007ffc9f0de000 	C:\WINDOWS\System32\profapi.dll
0x00007ffc9f0e0000 - 0x00007ffc9f12a000 	C:\WINDOWS\System32\powrprof.dll
0x00007ffc9f0b0000 - 0x00007ffc9f0c0000 	C:\WINDOWS\System32\UMPDC.dll
0x00007ffca1a80000 - 0x00007ffca1ad2000 	C:\WINDOWS\System32\shlwapi.dll
0x00007ffc9f890000 - 0x00007ffc9f8a7000 	C:\WINDOWS\System32\cryptsp.dll
0x00007ffc7ea10000 - 0x00007ffc7ea29000 	C:\Users\crazlee\.jdks\openjdk-15.0.1-1\bin\net.dll
0x00007ffc984e0000 - 0x00007ffc985da000 	C:\WINDOWS\SYSTEM32\WINHTTP.dll
0x00007ffc9e320000 - 0x00007ffc9e387000 	C:\WINDOWS\system32\mswsock.dll
0x00007ffc7e8b0000 - 0x00007ffc7e8c2000 	C:\Users\crazlee\.jdks\openjdk-15.0.1-1\bin\nio.dll
0x00007ffc753d0000 - 0x00007ffc753e8000 	C:\Users\crazlee\.jdks\openjdk-15.0.1-1\bin\zip.dll
0x00007ffc80b50000 - 0x00007ffc80b60000 	C:\Users\crazlee\.jdks\openjdk-15.0.1-1\bin\verify.dll
0x00007ffc9def0000 - 0x00007ffc9df23000 	C:\WINDOWS\system32\rsaenh.dll
0x00007ffca01d0000 - 0x00007ffca01f6000 	C:\WINDOWS\System32\bcrypt.dll
0x00007ffc9efd0000 - 0x00007ffc9eff5000 	C:\WINDOWS\SYSTEM32\USERENV.dll
0x00007ffc9e4f0000 - 0x00007ffc9e4fc000 	C:\WINDOWS\SYSTEM32\CRYPTBASE.dll
0x00007ffc9e670000 - 0x00007ffc9e6aa000 	C:\WINDOWS\SYSTEM32\IPHLPAPI.DLL
0x00007ffca1990000 - 0x00007ffca1998000 	C:\WINDOWS\System32\NSI.dll
0x00007ffc97fe0000 - 0x00007ffc97ff6000 	C:\WINDOWS\SYSTEM32\dhcpcsvc6.DLL
0x00007ffc97fc0000 - 0x00007ffc97fdc000 	C:\WINDOWS\SYSTEM32\dhcpcsvc.DLL
0x00007ffc9e0d0000 - 0x00007ffc9e19b000 	C:\WINDOWS\SYSTEM32\DNSAPI.dll
0x00007ffc7fdd0000 - 0x00007ffc7fdda000 	C:\Users\crazlee\AppData\Local\Temp\jansi-1.17.1-11029191597596701012.dll
0x00007ffc7fc60000 - 0x00007ffc7fc6a000 	C:\Users\crazlee\AppData\Local\Temp\jansi-1.17.1-13592706671166329205.dll

dbghelp: loaded successfully - version: 4.0.5 - missing functions: none
symbol engine: initialized successfully - sym options: 0x614 - pdb path: .;C:\Users\crazlee\.jdks\openjdk-15.0.1-1\bin;C:\WINDOWS\SYSTEM32;C:\WINDOWS\WinSxS\amd64_microsoft.windows.common-controls_6595b64144ccf1df_6.0.18362.1440_none_9e7dbfb9e45e8e67;C:\Users\crazlee\.jdks\openjdk-15.0.1-1\bin\server;C:\Users\crazlee\AppData\Local\Temp

VM Arguments:
jvm_args: -Dmaven.multiModuleProjectDirectory=C:\Users\crazlee\Desktop\JavaProject\SSM-CURD -Dfile.encoding=utf-8 -Dmaven.home=C:\Users\crazlee\AppData\Local\JetBrains\Toolbox\apps\IDEA-U\ch-0\202.7660.26\plugins\maven\lib\maven3 -Dclassworlds.conf=C:\Users\crazlee\AppData\Local\JetBrains\Toolbox\apps\IDEA-U\ch-0\202.7660.26\plugins\maven\lib\maven3\bin\m2.conf -Dmaven.ext.class.path=C:\Users\crazlee\AppData\Local\JetBrains\Toolbox\apps\IDEA-U\ch-0\202.7660.26\plugins\maven\lib\maven-event-listener.jar 
java_command: org.codehaus.classworlds.Launcher -Didea.version=2020.2.3 -s F:\apache-maven-3.5.2-bin\apache-maven-3.5.2\conf\settings.xml -Dmaven.repo.local=F:\maven_repository install
java_class_path (initial): C:\Users\crazlee\AppData\Local\JetBrains\Toolbox\apps\IDEA-U\ch-0\202.7660.26\plugins\maven\lib\maven3\boot\plexus-classworlds-2.6.0.jar;C:\Users\crazlee\AppData\Local\JetBrains\Toolbox\apps\IDEA-U\ch-0\202.7660.26\plugins\maven\lib\maven3\boot\plexus-classworlds.license
Launcher Type: SUN_STANDARD

[Global flags]
     intx CICompilerCount                          = 3                                         {product} {ergonomic}
     uint ConcGCThreads                            = 1                                         {product} {ergonomic}
     uint G1ConcRefinementThreads                  = 4                                         {product} {ergonomic}
   size_t G1HeapRegionSize                         = 2097152                                   {product} {ergonomic}
    uintx GCDrainStackTargetSize                   = 64                                        {product} {ergonomic}
   size_t InitialHeapSize                          = 266338304                                 {product} {ergonomic}
   size_t MarkStackSize                            = 4194304                                   {product} {ergonomic}
   size_t MaxHeapSize                              = 4257218560                                {product} {ergonomic}
   size_t MaxNewSize                               = 2554331136                                {product} {ergonomic}
   size_t MinHeapDeltaBytes                        = 2097152                                   {product} {ergonomic}
   size_t MinHeapSize                              = 8388608                                   {product} {ergonomic}
    uintx NonNMethodCodeHeapSize                   = 5832780                                {pd product} {ergonomic}
    uintx NonProfiledCodeHeapSize                  = 122912730                              {pd product} {ergonomic}
    uintx ProfiledCodeHeapSize                     = 122912730                              {pd product} {ergonomic}
    uintx ReservedCodeCacheSize                    = 251658240                              {pd product} {ergonomic}
     bool SegmentedCodeCache                       = true                                      {product} {ergonomic}
   size_t SoftMaxHeapSize                          = 4257218560                             {manageable} {ergonomic}
     bool UseCompressedClassPointers               = true                                 {lp64_product} {ergonomic}
     bool UseCompressedOops                        = true                                 {lp64_product} {ergonomic}
     bool UseG1GC                                  = true                                      {product} {ergonomic}
     bool UseLargePagesIndividualAllocation        = false                                  {pd product} {ergonomic}

Logging:
Log output configuration:
 #0: stdout all=warning uptime,level,tags
 #1: stderr all=off uptime,level,tags

Environment Variables:
JAVA_HOME=C:\Java\openjdk-15_windows-x64_bin\jdk-15
PATH=F:\mysql-5.7.33-winx64;C:\WINDOWS\system32;C:\WINDOWS;C:\WINDOWS\System32\Wbem;C:\WINDOWS\System32\WindowsPowerShell\v1.0\;C:\WINDOWS\System32\OpenSSH\;C:\Program Files\CodeBlocks\MinGW\bin;C:\Users\crazlee\.jdks\openjdk-15.0.1-1\bin;C:\Java\openjdk-15_windows-x64_bin\jdk-15\bin;C:\Program Files\nodejs\;C:\ProgramData\chocolatey\bin;C:\Program Files\Git\cmd;C:\Program Files\dotnet\;F:\redis-2.8.9;F:\apache-maven-3.5.2-bin\apache-maven-3.5.2\bin;C:\Program Files\MySQL\MySQL Server 8.0;C:\Users\crazlee\AppData\Local\Programs\Python\Python39\Scripts\;C:\Users\crazlee\AppData\Local\Programs\Python\Python39\;C:\Users\crazlee\AppData\Local\Microsoft\WindowsApps;C:\Users\crazlee\AppData\Local\Programs\Microsoft VS Code\bin;C:\Program Files\CodeBlocks\MinGW\bin;C:\Users\crazlee\.jdks\openjdk-15.0.1-1\bin;C:\Java\openjdk-15_windows-x64_bin\jdk-15\bin;C:\Users\crazlee\AppData\Roaming\npm;C:\Users\crazlee\.dotnet\tools
USERNAME=crazlee
OS=Windows_NT
PROCESSOR_IDENTIFIER=Intel64 Family 6 Model 158 Stepping 9, GenuineIntel



---------------  S Y S T E M  ---------------

OS:
 Windows 10 , 64 bit Build 18362 (10.0.18362.1350)
OS uptime: 1 days 0:19 hours

CPU: total 4 (initial active 4) (4 cores per cpu, 1 threads per core) family 6 model 158 stepping 9 microcode 0x8e, cmov, cx8, fxsr, mmx, sse, sse2, sse3, ssse3, sse4.1, sse4.2, popcnt, vzeroupper, avx, avx2, aes, clmul, erms, 3dnowpref, lzcnt, tsc, tscinvbit, bmi1, bmi2, adx, fma, clflush, clflushopt

Memory: 4k page, system-wide physical 16237M (7681M free)
TotalPageFile size 19821M (AvailPageFile size 6227M)
current process WorkingSet (physical memory assigned to process): 72M, peak: 73M
current process commit charge ("private bytes"): 353M, peak: 355M

vm_info: OpenJDK 64-Bit Server VM (15.0.1+9-18) for windows-amd64 JRE (15.0.1+9-18), built on Sep 15 2020 14:39:31 by "mach5one" with unknown MS VC++:1925

END.
